make: Entering directory '/home/nikos/phd/unified_abi/layout/npb/ua'
{
"LLVM VERSION": "clang version 9.0.1 (git@github.com:blackgeorge-boom/llvm-project.git faf5dbf23c358a06098838f33a23f8ccb66f82ff) Target: x86_64-unknown-linux-gnu Thread model: posix InstalledDir: /home/nikos/llvm-9.0.1/toolchain/bin"
"LLVM BIN DIR": "/home/nikos/llvm-9.0.1/toolchain/bin"
"LLVM LIB DIR": "/home/nikos/llvm-9.0.1/toolchain/lib"
"CFLAGS": "-O1 -Wall -Xclang -disable-O0-optnone -mno-red-zone -fno-omit-frame-pointer -mno-omit-leaf-frame-pointer",
"OPT_FLAGS": "",
"LLC_FLAGS": "",
"LLC_FLAGS_ARM64": "",
"LLC_FLAGS_X86": ""
}
 [IR] ua.ll
 [IR] adapt.ll
 [IR] diffuse.ll
 [IR] move.ll
 [IR] setup.ll
 [IR] c_timers.ll
 [IR] print_results.ll
 [IR] randdp.ll
 [IR] c_print_results.ll
 [IR] wtime.ll
 [IR] verify.ll
 [IR] convect.ll
 [IR] mason.ll
 [IR] precond.ll
 [IR] transfer.ll
 [IR] utils.ll
precond.c:757:9: warning: implicitly declaring library function 'printf' with type 'int (const char *, ...)' [-Wimplicit-function-declaration]
        printf("Unreachable\n"); /* TODO temporary handling for Unifico */
        ^
precond.c:757:9: note: include the header <stdio.h> or explicitly provide a declaration for 'printf'
1 warning generated.
 [OPT] ua_opt.ll
 [OPT] adapt_opt.ll
 [OPT] diffuse_opt.ll
 [OPT] move_opt.ll
 [OPT] setup_opt.ll
 [OPT] c_timers_opt.ll
 [OPT] print_results_opt.ll
 [OPT] randdp_opt.ll
 [OPT] c_print_results_opt.ll
 [OPT] wtime_opt.ll
 [OPT] verify_opt.ll
 [OPT] convect_opt.ll
 [OPT] mason_opt.ll
 [OPT] precond_opt.ll
 [OPT] transfer_opt.ll
 [OPT] utils_opt.ll
 [LLC] ua_aarch64_init.o
 [LLC] diffuse_aarch64_init.o
 [LLC] move_aarch64_init.o
 [LLC] c_timers_aarch64_init.o
 [LLC] print_results_aarch64_init.o
 [LLC] randdp_aarch64_init.o
 [LLC] c_print_results_aarch64_init.o
 [LLC] wtime_aarch64_init.o
 [LLC] verify_aarch64_init.o
 [LLC] convect_aarch64_init.o
 [LLC] precond_aarch64_init.o
 [LLC] utils_aarch64_init.o
 [LLC] adapt_aarch64_init.o
 [LLC] setup_aarch64_init.o
 [LLC] transfer_aarch64_init.o
 [LLC] mason_aarch64_init.o
 [LD] ua_aarch64_init.out
rm wtime_opt.ll print_results_opt.ll setup_opt.ll c_print_results_opt.ll adapt_opt.ll precond_opt.ll mason_opt.ll convect_opt.ll c_timers_opt.ll randdp_opt.ll utils_opt.ll diffuse_opt.ll move_opt.ll transfer_opt.ll verify_opt.ll
make: Leaving directory '/home/nikos/phd/unified_abi/layout/npb/ua'
