make: Entering directory '/home/nikos/phd/unified_abi/layout/npb/ep'
{"CFLAGS": "-O0 -Wall -Xclang -disable-O0-optnone -mno-red-zone -fno-omit-frame-pointer -mno-omit-leaf-frame-pointer -mllvm -align-bytes-to-four",
"OPT_FLAGS": "-name-string-literals -static-var-sections -live-values -insert-stackmaps",
"LLC_FLAGS": "-function-sections -data-sections -relocation-model=pic --trap-unreachable -optimize-regalloc -fast-isel=false -disable-machine-cse -disable-block-align --mc-relax-all -disable-x86-frame-obj-order -aarch64-csr-alignment=8 -align-bytes-to-four -reg-scavenging-slot -enable-misched=false",
"LLC_FLAGS_ARM64": "-mattr=-disable-hoist-in-lowering,+disable-fp-imm-materialize,-avoid-f128,+avoid-wide-mul-add",
"LLC_FLAGS_X86": "-mattr=+aarch64-sized-imm,-multiply-with-imm,-non-zero-imm-to-mem,+force-vector-mem-op,+aarch64-constant-cost-model,+simple-reg-offset-addr,+avoid-opt-mul-1 -no-x86-call-frame-opt -x86-enable-simplify-cfg"}
 [IR] ep.ll
 [IR] c_timers.ll
 [IR] print_results.ll
 [IR] randdp.ll
 [IR] c_print_results.ll
 [IR] wtime.ll
 [OPT] wtime_opt.ll
 [OPT] c_print_results_opt.ll
 [OPT] c_timers_opt.ll
 [OPT] ep_opt.ll
 [OPT] randdp_opt.ll
 [OPT] print_results_opt.ll
 [LLC] c_print_results_x86_64_init.o
 [LLC] c_print_results_aarch64_init.o
 [LLC] wtime_x86_64_init.o
 [LLC] wtime_aarch64_init.o
 [LLC] c_timers_x86_64_init.o
 [LLC] c_timers_aarch64_init.o
 [LLC] ep_x86_64_init.o
 [LLC] ep_aarch64_init.o
 [LLC] randdp_x86_64_init.o
 [LLC] randdp_aarch64_init.o
 [LLC] print_results_aarch64_init.o
 [CALLSITE ALIGN] wtime_cs_align.json
 [LLC] print_results_x86_64_init.o
 [CALLSITE ALIGN] c_timers_cs_align.json
 [CALLSITE ALIGN] c_print_results_cs_align.json
 [CALLSITE ALIGN] randdp_cs_align.json
warning: ep.c:132:5: (x86_64-unknown-linux-gnu) Stack transformation: unhandled register X19 across call to vranlc
 [CALLSITE ALIGN] print_results_cs_align.json
warning: ep.c:132:5: (x86_64-unknown-linux-gnu) Stack transformation: unhandled register RBX across call to vranlc
 [LLC WITH CALLSITE ALIGNMENT] wtime_aarch64.o
 [LLC WITH CALLSITE ALIGNMENT] c_timers_aarch64.o
 [CALLSITE ALIGN] ep_cs_align.json
 [LLC WITH CALLSITE ALIGNMENT] c_print_results_aarch64.o
 [LLC WITH CALLSITE ALIGNMENT] wtime_x86_64.o
 [LLC WITH CALLSITE ALIGNMENT] print_results_aarch64.o
 [LLC WITH CALLSITE ALIGNMENT] randdp_aarch64.o
 [LLC WITH CALLSITE ALIGNMENT] c_timers_x86_64.o
 [CHECK CALLSITE ALIGNMENT] wtime_x86_64.o wtime_aarch64.o
 [LLC WITH CALLSITE ALIGNMENT] c_print_results_x86_64.o
 [LLC WITH CALLSITE ALIGNMENT] ep_aarch64.o
 [LLC WITH CALLSITE ALIGNMENT] randdp_x86_64.o
 [CHECK CALLSITE ALIGNMENT] c_timers_x86_64.o c_timers_aarch64.o
 [LLC WITH CALLSITE ALIGNMENT] print_results_x86_64.o
 [CHECK CALLSITE ALIGNMENT] print_results_x86_64.o print_results_aarch64.o
 [CHECK CALLSITE ALIGNMENT] c_print_results_x86_64.o c_print_results_aarch64.o
 [CHECK CALLSITE ALIGNMENT] randdp_x86_64.o randdp_aarch64.o
warning: ep.c:132:5: (x86_64-unknown-linux-gnu) Stack transformation: unhandled register X19 across call to vranlc
 [LD] ep_aarch64_unaligned.out
 [LLC WITH CALLSITE ALIGNMENT] ep_x86_64.o
warning: ep.c:132:5: (x86_64-unknown-linux-gnu) Stack transformation: unhandled register RBX across call to vranlc
 [CHECK CALLSITE ALIGNMENT] ep_x86_64.o ep_aarch64.o
 [LD] ep_x86_64_unaligned.out
 [ALIGN] build_x86-64/aligned_linker_script_x86.x
 [ALIGN] build_aarch64/aligned_linker_script_arm.x
 [LD] ep_aarch64_aligned.out
rm wtime_cs_align.json c_timers_cs_align.json wtime_opt.ll c_print_results_cs_align.json print_results_opt.ll randdp_cs_align.json c_print_results_opt.ll c_timers_opt.ll randdp_opt.ll print_results_cs_align.json
make: Leaving directory '/home/nikos/phd/unified_abi/layout/npb/ep'
