make: Entering directory '/home/nikos/phd/unified_abi/layout/npb/ua'
{"CFLAGS": "-O3 -Xclang -disable-O0-optnone -mno-red-zone -fno-omit-frame-pointer -mno-omit-leaf-frame-pointer -Wall",
"OPT_FLAGS": "",
"LLC_FLAGS": ""}
"LLC_PASSES_TO_DEBUG": 
 [IR] ua.ll
 [IR] adapt.ll
 [IR] diffuse.ll
 [IR] move.ll
 [IR] setup.ll
 [IR] c_timers.ll
 [IR] print_results.ll
 [IR] randdp.ll
 [IR] c_print_results.ll
 [IR] wtime.ll
 [IR] verify.ll
 [IR] convect.ll
 [IR] mason.ll
 [IR] precond.ll
 [IR] transfer.ll
 [IR] utils.ll
precond.c:757:9: warning: implicitly declaring library function 'printf' with type 'int (const char *, ...)' [-Wimplicit-function-declaration]
        printf("Unreachable\n"); /* TODO temporary handling for Unifico */
        ^
precond.c:757:9: note: include the header <stdio.h> or explicitly provide a declaration for 'printf'
 [OPT] move_opt.ll
 [OPT] c_timers_opt.ll
 [OPT] print_results_opt.ll
 [OPT] randdp_opt.ll
 [OPT] c_print_results_opt.ll
 [OPT] wtime_opt.ll
 [OPT] verify_opt.ll
 [OPT] ua_opt.ll
 [LLC] move_aarch64_init.o
 [LLC] c_timers_aarch64_init.o
 [LLC] print_results_aarch64_init.o
 [LLC] randdp_aarch64_init.o
 [LLC] c_print_results_aarch64_init.o
 [LLC] wtime_aarch64_init.o
 [LLC] verify_aarch64_init.o
 [OPT] utils_opt.ll
 [LLC] ua_aarch64_init.o
 [OPT] diffuse_opt.ll
 [OPT] setup_opt.ll
 [LLC] utils_aarch64_init.o
 [OPT] convect_opt.ll
 [LLC] setup_aarch64_init.o
 [LLC] diffuse_aarch64_init.o
 [LLC] convect_aarch64_init.o
1 warning generated.
 [OPT] precond_opt.ll
 [LLC] precond_aarch64_init.o
 [OPT] adapt_opt.ll
 [LLC] adapt_aarch64_init.o
 [OPT] mason_opt.ll
 [OPT] transfer_opt.ll
 [LLC] mason_aarch64_init.o
 [LLC] transfer_aarch64_init.o
 [LD] ua_aarch64_init.out
rm wtime_opt.ll print_results_opt.ll setup_opt.ll c_print_results_opt.ll adapt_opt.ll precond_opt.ll mason_opt.ll convect_opt.ll c_timers_opt.ll randdp_opt.ll utils_opt.ll diffuse_opt.ll move_opt.ll transfer_opt.ll verify_opt.ll
make: Leaving directory '/home/nikos/phd/unified_abi/layout/npb/ua'
