make: Entering directory '/home/nikos/phd/unified_abi/layout/npb/is'
{
"LLVM VERSION": "clang version 9.0.1 (git@github.com:blackgeorge-boom/llvm-project.git faf5dbf23c358a06098838f33a23f8ccb66f82ff) Target: x86_64-unknown-linux-gnu Thread model: posix InstalledDir: /home/nikos/llvm-9.0.1/toolchain/bin"
"LLVM BIN DIR": "/home/nikos/llvm-9.0.1/toolchain/bin"
"LLVM LIB DIR": "/home/nikos/llvm-9.0.1/toolchain/lib"
"CFLAGS": "-O1 -Wall -Xclang -disable-O0-optnone -mno-red-zone -fno-omit-frame-pointer -mno-omit-leaf-frame-pointer",
"OPT_FLAGS": "",
"LLC_FLAGS": "",
"LLC_FLAGS_ARM64": "",
"LLC_FLAGS_X86": ""
}
 [IR] is.ll
 [IR] c_timers.ll
 [IR] c_print_results.ll
 [IR] wtime.ll
 [OPT] c_timers_opt.ll
 [OPT] c_print_results_opt.ll
 [OPT] wtime_opt.ll
 [OPT] is_opt.ll
 [LLC] wtime_aarch64_init.o
 [LLC] c_timers_aarch64_init.o
 [LLC] c_print_results_aarch64_init.o
 [LLC] is_aarch64_init.o
 [LD] is_aarch64_init.out
rm wtime_opt.ll c_print_results_opt.ll c_timers_opt.ll
make: Leaving directory '/home/nikos/phd/unified_abi/layout/npb/is'
