make: Entering directory '/home/nikos/phd/unified_abi/layout/npb/ua'
{
"LLVM VERSION": "clang version 9.0.1 (git@github.com:blackgeorge-boom/llvm-project.git faf5dbf23c358a06098838f33a23f8ccb66f82ff) Target: x86_64-unknown-linux-gnu Thread model: posix InstalledDir: /home/nikos/llvm-9.0.1/toolchain/bin"
"LLVM BIN DIR": "/home/nikos/llvm-9.0.1/toolchain/bin"
"LLVM LIB DIR": "/home/nikos/llvm-9.0.1/toolchain/lib"
usage: llvm-config <OPTION>... [<COMPONENT>...]

Get various configuration information needed to compile programs which use
LLVM.  Typically called from 'configure' scripts.  Examples:
  llvm-config --cxxflags
  llvm-config --ldflags
  llvm-config --libs engine bcreader scalaropts

Options:
  --version         Print LLVM version.
  --prefix          Print the installation prefix.
  --src-root        Print the source root LLVM was built from.
  --obj-root        Print the object root used to build LLVM.
  --bindir          Directory containing LLVM executables.
  --includedir      Directory containing LLVM headers.
  --libdir          Directory containing LLVM libraries.
  --cmakedir        Directory containing LLVM cmake modules.
  --cppflags        C preprocessor flags for files that include LLVM headers.
  --cflags          C compiler flags for files that include LLVM headers.
  --cxxflags        C++ compiler flags for files that include LLVM headers.
  --ldflags         Print Linker flags.
  --system-libs     System Libraries needed to link against LLVM components.
  --libs            Libraries needed to link against LLVM components.
  --libnames        Bare library names for in-tree builds.
  --libfiles        Fully qualified library filenames for makefile depends.
  --components      List of all possible components.
  --targets-built   List of all targets currently built.
  --host-target     Target triple used to configure LLVM.
  --build-mode      Print build mode of LLVM tree (e.g. Debug or Release).
  --assertion-mode  Print assertion mode of LLVM tree (ON or OFF).
  --build-system    Print the build system used to build LLVM (always cmake).
  --has-rtti        Print whether or not LLVM was built with rtti (YES or NO).
  --has-global-isel Print whether or not LLVM was built with global-isel support (ON or OFF).
  --shared-mode     Print how the provided components can be collectively linked (`shared` or `static`).
  --link-shared     Link the components as shared libraries.
  --link-static     Link the component libraries statically.
  --ignore-libllvm  Ignore libLLVM and link component libraries instead.
Typical components:
  all               All LLVM libraries (default).
  engine            Either a native JIT or a bitcode interpreter.
"LLVM UNIFICO FLAGS": ""
"CFLAGS": "-O1 -Wall -Xclang -disable-O0-optnone -mno-red-zone -fno-omit-frame-pointer -mno-omit-leaf-frame-pointer",
"OPT_FLAGS": "",
"LLC_FLAGS": "",
"LLC_FLAGS_ARM64": "",
"LLC_FLAGS_X86": ""
}
 [IR] ua.ll
 [IR] adapt.ll
 [IR] diffuse.ll
 [IR] move.ll
 [IR] setup.ll
 [IR] c_timers.ll
 [IR] print_results.ll
 [IR] randdp.ll
 [IR] c_print_results.ll
 [IR] wtime.ll
 [IR] verify.ll
 [IR] convect.ll
 [IR] mason.ll
 [IR] precond.ll
 [IR] transfer.ll
 [IR] utils.ll
 [OPT] ua_opt.ll
 [OPT] move_opt.ll
 [OPT] c_timers_opt.ll
precond.c:757:9: warning: implicitly declaring library function 'printf' with type 'int (const char *, ...)' [-Wimplicit-function-declaration]
        printf("Unreachable\n"); /* TODO temporary handling for Unifico */
        ^
precond.c:757:9: note: include the header <stdio.h> or explicitly provide a declaration for 'printf'
 [OPT] print_results_opt.ll
 [OPT] randdp_opt.ll
 [OPT] c_print_results_opt.ll
 [OPT] wtime_opt.ll
 [OPT] verify_opt.ll
 [OPT] utils_opt.ll
 [LLC] ua_aarch64_init.o
 [OPT] diffuse_opt.ll
 [LLC] move_aarch64_init.o
 [OPT] setup_opt.ll
 [LLC] c_timers_aarch64_init.o
 [LLC] print_results_aarch64_init.o
 [LLC] randdp_aarch64_init.o
 [LLC] c_print_results_aarch64_init.o
 [LLC] wtime_aarch64_init.o
 [LLC] verify_aarch64_init.o
 [OPT] convect_opt.ll
 [LLC] utils_aarch64_init.o
 [LLC] diffuse_aarch64_init.o
 [OPT] adapt_opt.ll
 [LLC] setup_aarch64_init.o
1 warning generated.
 [OPT] precond_opt.ll
 [LLC] convect_aarch64_init.o
 [LLC] adapt_aarch64_init.o
 [LLC] precond_aarch64_init.o
 [OPT] transfer_opt.ll
 [LLC] transfer_aarch64_init.o
 [OPT] mason_opt.ll
 [LLC] mason_aarch64_init.o
 [LD] ua_aarch64_init.out
rm wtime_opt.ll print_results_opt.ll setup_opt.ll c_print_results_opt.ll adapt_opt.ll precond_opt.ll mason_opt.ll convect_opt.ll c_timers_opt.ll randdp_opt.ll utils_opt.ll diffuse_opt.ll move_opt.ll transfer_opt.ll verify_opt.ll
make: Leaving directory '/home/nikos/phd/unified_abi/layout/npb/ua'
