make: Entering directory '/home/nikos/phd/unified_abi/layout/npb/ua'
{"CFLAGS": "-O0 -Wall -Xclang -disable-O0-optnone -mno-red-zone -fno-omit-frame-pointer -mno-omit-leaf-frame-pointer -mllvm -align-bytes-to-four",
"OPT_FLAGS": "-name-string-literals -static-var-sections -live-values -insert-stackmaps",
"LLC_FLAGS": "-function-sections -data-sections -relocation-model=pic --trap-unreachable -optimize-regalloc -fast-isel=false -disable-machine-cse",
"LLC_FLAGS_ARM64": "",
"LLC_FLAGS_X86": ""}
 [IR] ua.ll
 [IR] adapt.ll
 [IR] diffuse.ll
 [IR] move.ll
 [IR] setup.ll
 [IR] c_timers.ll
 [IR] print_results.ll
 [IR] randdp.ll
 [IR] c_print_results.ll
 [IR] wtime.ll
 [IR] verify.ll
 [IR] convect.ll
 [IR] mason.ll
 [IR] precond.ll
 [IR] transfer.ll
 [IR] utils.ll
 [OPT] ua_opt.ll
 [OPT] diffuse_opt.ll
 [OPT] move_opt.ll
 [OPT] setup_opt.ll
 [OPT] c_timers_opt.ll
 [OPT] print_results_opt.ll
 [OPT] randdp_opt.ll
precond.c:757:9: warning: implicitly declaring library function 'printf' with type 'int (const char *, ...)' [-Wimplicit-function-declaration]
        printf("Unreachable\n"); /* TODO temporary handling for Unifico */
        ^
precond.c:757:9: note: include the header <stdio.h> or explicitly provide a declaration for 'printf'
 [OPT] c_print_results_opt.ll
1 warning generated.
 [OPT] wtime_opt.ll
 [LLC] ua_x86_64_init.o
 [LLC] ua_aarch64_init.o
 [OPT] adapt_opt.ll
 [LLC] diffuse_x86_64_init.o
 [LLC] diffuse_aarch64_init.o
 [LLC] move_x86_64_init.o
 [LLC] move_aarch64_init.o
 [LLC] setup_x86_64_init.o
 [LLC] setup_aarch64_init.o
warning: <unknown>:0:0: (x86_64-unknown-linux-gnu) Stack transformation: unhandled stack slot 20 across call to printf
warning: <unknown>:0:0: (x86_64-unknown-linux-gnu) Stack transformation: unhandled stack slot 20 across call to printf
warning: <unknown>:0:0: (x86_64-unknown-linux-gnu) Stack transformation: unhandled stack slot 20 across call to printf
warning: <unknown>:0:0: (x86_64-unknown-linux-gnu) Stack transformation: unhandled register X20 across call to timer_stop
warning: <unknown>:0:0: (x86_64-unknown-linux-gnu) Stack transformation: unhandled register X20 across call to timer_clear
warning: <unknown>:0:0: (x86_64-unknown-linux-gnu) Stack transformation: unhandled register X20 across call to r_init
 [LLC] c_timers_x86_64_init.o
 [LLC] c_timers_aarch64_init.o
 [LLC] print_results_x86_64_init.o
 [LLC] print_results_aarch64_init.o
 [LLC] randdp_x86_64_init.o
warning: <unknown>:0:0: (x86_64-unknown-linux-gnu) Stack transformation: unhandled register X19 across call to timer_stop
 [LLC] randdp_aarch64_init.o
 [LLC] c_print_results_x86_64_init.o
 [LLC] c_print_results_aarch64_init.o
 [LLC] wtime_x86_64_init.o
 [LLC] wtime_aarch64_init.o
 [OPT] verify_opt.ll
 [OPT] convect_opt.ll
 [OPT] mason_opt.ll
 [OPT] precond_opt.ll
 [OPT] transfer_opt.ll
 [OPT] utils_opt.ll
 [CALLSITE ALIGN] ua_cs_align.json
 [LLC] adapt_x86_64_init.o
 [LLC] adapt_aarch64_init.o
 [CALLSITE ALIGN] diffuse_cs_align.json
 [CALLSITE ALIGN] move_cs_align.json
 [CALLSITE ALIGN] c_timers_cs_align.json
 [CALLSITE ALIGN] print_results_cs_align.json
 [CALLSITE ALIGN] randdp_cs_align.json
 [CALLSITE ALIGN] c_print_results_cs_align.json
 [CALLSITE ALIGN] wtime_cs_align.json
 [LLC] verify_x86_64_init.o
 [LLC] verify_aarch64_init.o
 [LLC] convect_x86_64_init.o
 [LLC] convect_aarch64_init.o
 [LLC] precond_x86_64_init.o
 [LLC] precond_aarch64_init.o
 [LLC] transfer_x86_64_init.o
 [LLC] transfer_aarch64_init.o
 [LLC] utils_x86_64_init.o
 [LLC] utils_aarch64_init.o
warning: <unknown>:0:0: (x86_64-unknown-linux-gnu) Stack transformation: unhandled register X27 across call to pow
warning: <unknown>:0:0: (x86_64-unknown-linux-gnu) Stack transformation: unhandled register X27 across call to pow
warning: <unknown>:0:0: (x86_64-unknown-linux-gnu) Stack transformation: unhandled register X27 across call to pow
warning: <unknown>:0:0: (x86_64-unknown-linux-gnu) Stack transformation: unhandled register X27 across call to cos
warning: <unknown>:0:0: (x86_64-unknown-linux-gnu) Stack transformation: unhandled register X25 across call to pow
warning: <unknown>:0:0: (x86_64-unknown-linux-gnu) Stack transformation: unhandled register X27 across call to pow
warning: <unknown>:0:0: (x86_64-unknown-linux-gnu) Stack transformation: unhandled register X25 across call to pow
warning: <unknown>:0:0: (x86_64-unknown-linux-gnu) Stack transformation: unhandled register X27 across call to pow
warning: <unknown>:0:0: (x86_64-unknown-linux-gnu) Stack transformation: unhandled register X25 across call to pow
warning: <unknown>:0:0: (x86_64-unknown-linux-gnu) Stack transformation: unhandled register X27 across call to pow
warning: <unknown>:0:0: (x86_64-unknown-linux-gnu) Stack transformation: unhandled register X25 across call to cos
warning: <unknown>:0:0: (x86_64-unknown-linux-gnu) Stack transformation: unhandled register X27 across call to cos
warning: <unknown>:0:0: (x86_64-unknown-linux-gnu) Stack transformation: unhandled register X25 across call to pow
warning: <unknown>:0:0: (x86_64-unknown-linux-gnu) Stack transformation: unhandled register X25 across call to pow
warning: <unknown>:0:0: (x86_64-unknown-linux-gnu) Stack transformation: unhandled register X25 across call to pow
warning: <unknown>:0:0: (x86_64-unknown-linux-gnu) Stack transformation: unhandled register X25 across call to cos
warning: <unknown>:0:0: (x86_64-unknown-linux-gnu) Stack transformation: unhandled register X25 across call to pow
warning: <unknown>:0:0: (x86_64-unknown-linux-gnu) Stack transformation: unhandled register X27 across call to pow
warning: <unknown>:0:0: (x86_64-unknown-linux-gnu) Stack transformation: unhandled register X25 across call to pow
warning: <unknown>:0:0: (x86_64-unknown-linux-gnu) Stack transformation: unhandled register X27 across call to pow
warning: <unknown>:0:0: (x86_64-unknown-linux-gnu) Stack transformation: unhandled register X25 across call to pow
warning: <unknown>:0:0: (x86_64-unknown-linux-gnu) Stack transformation: unhandled register X27 across call to pow
warning: <unknown>:0:0: (x86_64-unknown-linux-gnu) Stack transformation: unhandled register X25 across call to cos
warning: <unknown>:0:0: (x86_64-unknown-linux-gnu) Stack transformation: unhandled register X27 across call to cos
warning: <unknown>:0:0: (x86_64-unknown-linux-gnu) Stack transformation: unhandled register X25 across call to facev
warning: <unknown>:0:0: (x86_64-unknown-linux-gnu) Stack transformation: unhandled register X27 across call to facev
warning: <unknown>:0:0: (x86_64-unknown-linux-gnu) Stack transformation: unhandled register RBX across call to pow
warning: <unknown>:0:0: (x86_64-unknown-linux-gnu) Stack transformation: unhandled register RBX across call to pow
warning: <unknown>:0:0: (x86_64-unknown-linux-gnu) Stack transformation: unhandled register RBX across call to pow
warning: <unknown>:0:0: (x86_64-unknown-linux-gnu) Stack transformation: unhandled register RBX across call to cos
warning: <unknown>:0:0: (x86_64-unknown-linux-gnu) Stack transformation: unhandled register RBX across call to pow
warning: <unknown>:0:0: (x86_64-unknown-linux-gnu) Stack transformation: unhandled register RBX across call to pow
warning: <unknown>:0:0: (x86_64-unknown-linux-gnu) Stack transformation: unhandled register RBX across call to pow
warning: <unknown>:0:0: (x86_64-unknown-linux-gnu) Stack transformation: unhandled register RBX across call to cos
warning: <unknown>:0:0: (x86_64-unknown-linux-gnu) Stack transformation: unhandled register RBX across call to pow
warning: <unknown>:0:0: (x86_64-unknown-linux-gnu) Stack transformation: unhandled register RBX across call to pow
warning: <unknown>:0:0: (x86_64-unknown-linux-gnu) Stack transformation: unhandled register RBX across call to pow
warning: <unknown>:0:0: (x86_64-unknown-linux-gnu) Stack transformation: unhandled register RBX across call to cos
warning: <unknown>:0:0: (x86_64-unknown-linux-gnu) Stack transformation: unhandled register RBX across call to pow
warning: <unknown>:0:0: (x86_64-unknown-linux-gnu) Stack transformation: unhandled register RBX across call to pow
warning: <unknown>:0:0: (x86_64-unknown-linux-gnu) Stack transformation: unhandled register RBX across call to pow
warning: <unknown>:0:0: (x86_64-unknown-linux-gnu) Stack transformation: unhandled register RBX across call to cos
warning: <unknown>:0:0: (x86_64-unknown-linux-gnu) Stack transformation: unhandled register RBX across call to facev
 [LLC WITH CALLSITE ALIGNMENT] ua_aarch64.o
 [LLC WITH CALLSITE ALIGNMENT] diffuse_aarch64.o
 [LLC WITH CALLSITE ALIGNMENT] move_aarch64.o
 [CALLSITE ALIGN] setup_cs_align.json
warning: <unknown>:0:0: (x86_64-unknown-linux-gnu) Stack transformation: unhandled stack slot 21 across call to r_init
warning: <unknown>:0:0: (x86_64-unknown-linux-gnu) Stack transformation: unhandled register X20 across call to timer_stop
warning: <unknown>:0:0: (x86_64-unknown-linux-gnu) Stack transformation: unhandled register X20 across call to timer_clear
warning: <unknown>:0:0: (x86_64-unknown-linux-gnu) Stack transformation: unhandled register X20 across call to r_init
 [LLC WITH CALLSITE ALIGNMENT] c_timers_aarch64.o
warning: <unknown>:0:0: (x86_64-unknown-linux-gnu) Stack transformation: unhandled register RBX across call to pc_corner
warning: <unknown>:0:0: (x86_64-unknown-linux-gnu) Stack transformation: unhandled stack slot 12 across call to pc_corner
warning: <unknown>:0:0: (x86_64-unknown-linux-gnu) Stack transformation: unhandled register RBX across call to pc_corner
warning: <unknown>:0:0: (x86_64-unknown-linux-gnu) Stack transformation: unhandled stack slot 12 across call to pc_corner
warning: <unknown>:0:0: (x86_64-unknown-linux-gnu) Stack transformation: unhandled register RBX across call to pc_corner
warning: <unknown>:0:0: (x86_64-unknown-linux-gnu) Stack transformation: unhandled stack slot 12 across call to pc_corner
warning: <unknown>:0:0: (x86_64-unknown-linux-gnu) Stack transformation: unhandled register RBX across call to pc_corner
warning: <unknown>:0:0: (x86_64-unknown-linux-gnu) Stack transformation: unhandled stack slot 12 across call to pc_corner
warning: <unknown>:0:0: (x86_64-unknown-linux-gnu) Stack transformation: unhandled register RBX across call to com_dpc
warning: <unknown>:0:0: (x86_64-unknown-linux-gnu) Stack transformation: unhandled stack slot 12 across call to com_dpc
warning: <unknown>:0:0: (x86_64-unknown-linux-gnu) Stack transformation: unhandled register RBX across call to com_dpc
warning: <unknown>:0:0: (x86_64-unknown-linux-gnu) Stack transformation: unhandled stack slot 12 across call to com_dpc
warning: <unknown>:0:0: (x86_64-unknown-linux-gnu) Stack transformation: unhandled register RBX across call to com_dpc
warning: <unknown>:0:0: (x86_64-unknown-linux-gnu) Stack transformation: unhandled stack slot 12 across call to com_dpc
warning: <unknown>:0:0: (x86_64-unknown-linux-gnu) Stack transformation: unhandled register RBX across call to com_dpc
warning: <unknown>:0:0: (x86_64-unknown-linux-gnu) Stack transformation: unhandled stack slot 12 across call to com_dpc
warning: <unknown>:0:0: (x86_64-unknown-linux-gnu) Stack transformation: unhandled register RBX across call to com_dpc
warning: <unknown>:0:0: (x86_64-unknown-linux-gnu) Stack transformation: unhandled stack slot 12 across call to com_dpc
 [LLC WITH CALLSITE ALIGNMENT] print_results_aarch64.o
 [LLC WITH CALLSITE ALIGNMENT] randdp_aarch64.o
 [LLC WITH CALLSITE ALIGNMENT] c_print_results_aarch64.o
warning: <unknown>:0:0: (x86_64-unknown-linux-gnu) Stack transformation: unhandled register X19 across call to timer_stop
 [LLC WITH CALLSITE ALIGNMENT] wtime_aarch64.o
 [CALLSITE ALIGN] verify_cs_align.json
warning: <unknown>:0:0: (x86_64-unknown-linux-gnu) Stack transformation: unhandled stack slot 27 across call to r_init
warning: <unknown>:0:0: (x86_64-unknown-linux-gnu) Stack transformation: unhandled stack slot 28 across call to r_init
 [CALLSITE ALIGN] convect_cs_align.json
 [LLC] mason_x86_64_init.o
 [LLC] mason_aarch64_init.o
 [CALLSITE ALIGN] utils_cs_align.json
 [CALLSITE ALIGN] adapt_cs_align.json
 [CALLSITE ALIGN] precond_cs_align.json
 [LLC WITH CALLSITE ALIGNMENT] setup_aarch64.o
 [LLC WITH CALLSITE ALIGNMENT] verify_aarch64.o
 [CALLSITE ALIGN] transfer_cs_align.json
 [LLC WITH CALLSITE ALIGNMENT] convect_aarch64.o
 [LLC WITH CALLSITE ALIGNMENT] utils_aarch64.o
 [LLC WITH CALLSITE ALIGNMENT] precond_aarch64.o
 [LLC WITH CALLSITE ALIGNMENT] adapt_aarch64.o
warning: <unknown>:0:0: (x86_64-unknown-linux-gnu) Stack transformation: unhandled register X27 across call to pow
warning: <unknown>:0:0: (x86_64-unknown-linux-gnu) Stack transformation: unhandled register X27 across call to pow
warning: <unknown>:0:0: (x86_64-unknown-linux-gnu) Stack transformation: unhandled register X27 across call to pow
warning: <unknown>:0:0: (x86_64-unknown-linux-gnu) Stack transformation: unhandled register X27 across call to cos
warning: <unknown>:0:0: (x86_64-unknown-linux-gnu) Stack transformation: unhandled register X25 across call to pow
warning: <unknown>:0:0: (x86_64-unknown-linux-gnu) Stack transformation: unhandled register X27 across call to pow
warning: <unknown>:0:0: (x86_64-unknown-linux-gnu) Stack transformation: unhandled register X25 across call to pow
warning: <unknown>:0:0: (x86_64-unknown-linux-gnu) Stack transformation: unhandled register X27 across call to pow
warning: <unknown>:0:0: (x86_64-unknown-linux-gnu) Stack transformation: unhandled register X25 across call to pow
warning: <unknown>:0:0: (x86_64-unknown-linux-gnu) Stack transformation: unhandled register X27 across call to pow
warning: <unknown>:0:0: (x86_64-unknown-linux-gnu) Stack transformation: unhandled register X25 across call to cos
warning: <unknown>:0:0: (x86_64-unknown-linux-gnu) Stack transformation: unhandled register X27 across call to cos
warning: <unknown>:0:0: (x86_64-unknown-linux-gnu) Stack transformation: unhandled register X25 across call to pow
warning: <unknown>:0:0: (x86_64-unknown-linux-gnu) Stack transformation: unhandled register X25 across call to pow
warning: <unknown>:0:0: (x86_64-unknown-linux-gnu) Stack transformation: unhandled register X25 across call to pow
warning: <unknown>:0:0: (x86_64-unknown-linux-gnu) Stack transformation: unhandled register X25 across call to cos
warning: <unknown>:0:0: (x86_64-unknown-linux-gnu) Stack transformation: unhandled register X25 across call to pow
warning: <unknown>:0:0: (x86_64-unknown-linux-gnu) Stack transformation: unhandled register X27 across call to pow
warning: <unknown>:0:0: (x86_64-unknown-linux-gnu) Stack transformation: unhandled register X25 across call to pow
warning: <unknown>:0:0: (x86_64-unknown-linux-gnu) Stack transformation: unhandled register X27 across call to pow
warning: <unknown>:0:0: (x86_64-unknown-linux-gnu) Stack transformation: unhandled register X25 across call to pow
warning: <unknown>:0:0: (x86_64-unknown-linux-gnu) Stack transformation: unhandled register X27 across call to pow
warning: <unknown>:0:0: (x86_64-unknown-linux-gnu) Stack transformation: unhandled register X25 across call to cos
warning: <unknown>:0:0: (x86_64-unknown-linux-gnu) Stack transformation: unhandled register X27 across call to cos
warning: <unknown>:0:0: (x86_64-unknown-linux-gnu) Stack transformation: unhandled register X25 across call to facev
warning: <unknown>:0:0: (x86_64-unknown-linux-gnu) Stack transformation: unhandled register X27 across call to facev
 [LLC WITH CALLSITE ALIGNMENT] transfer_aarch64.o
warning: <unknown>:0:0: (x86_64-unknown-linux-gnu) Stack transformation: unhandled register R13 across call to mor_assign
warning: <unknown>:0:0: (x86_64-unknown-linux-gnu) Stack transformation: unhandled register R13 across call to mor_edge
warning: <unknown>:0:0: (x86_64-unknown-linux-gnu) Stack transformation: unhandled register R13 across call to mor_edge
warning: <unknown>:0:0: (x86_64-unknown-linux-gnu) Stack transformation: unhandled register R13 across call to mor_edge
warning: <unknown>:0:0: (x86_64-unknown-linux-gnu) Stack transformation: unhandled register R13 across call to mor_edge
warning: <unknown>:0:0: (x86_64-unknown-linux-gnu) Stack transformation: unhandled register R13 across call to mor_edge
warning: <unknown>:0:0: (x86_64-unknown-linux-gnu) Stack transformation: unhandled register R13 across call to mor_edge
warning: <unknown>:0:0: (x86_64-unknown-linux-gnu) Stack transformation: unhandled register X22 across call to mor_assign
warning: <unknown>:0:0: (x86_64-unknown-linux-gnu) Stack transformation: unhandled register X24 across call to mor_assign
warning: <unknown>:0:0: (x86_64-unknown-linux-gnu) Stack transformation: unhandled register X23 across call to mor_assign
warning: <unknown>:0:0: (x86_64-unknown-linux-gnu) Stack transformation: unhandled register X25 across call to mor_assign
warning: <unknown>:0:0: (x86_64-unknown-linux-gnu) Stack transformation: unhandled register X22 across call to mor_edge
warning: <unknown>:0:0: (x86_64-unknown-linux-gnu) Stack transformation: unhandled register X24 across call to mor_edge
warning: <unknown>:0:0: (x86_64-unknown-linux-gnu) Stack transformation: unhandled register X23 across call to mor_edge
warning: <unknown>:0:0: (x86_64-unknown-linux-gnu) Stack transformation: unhandled register X25 across call to mor_edge
warning: <unknown>:0:0: (x86_64-unknown-linux-gnu) Stack transformation: unhandled register X22 across call to mor_edge
warning: <unknown>:0:0: (x86_64-unknown-linux-gnu) Stack transformation: unhandled register X24 across call to mor_edge
warning: <unknown>:0:0: (x86_64-unknown-linux-gnu) Stack transformation: unhandled register X23 across call to mor_edge
warning: <unknown>:0:0: (x86_64-unknown-linux-gnu) Stack transformation: unhandled register X25 across call to mor_edge
warning: <unknown>:0:0: (x86_64-unknown-linux-gnu) Stack transformation: unhandled register X22 across call to mor_edge
warning: <unknown>:0:0: (x86_64-unknown-linux-gnu) Stack transformation: unhandled register X24 across call to mor_edge
warning: <unknown>:0:0: (x86_64-unknown-linux-gnu) Stack transformation: unhandled register X23 across call to mor_edge
warning: <unknown>:0:0: (x86_64-unknown-linux-gnu) Stack transformation: unhandled register X25 across call to mor_edge
warning: <unknown>:0:0: (x86_64-unknown-linux-gnu) Stack transformation: unhandled register X22 across call to mor_edge
warning: <unknown>:0:0: (x86_64-unknown-linux-gnu) Stack transformation: unhandled register X24 across call to mor_edge
warning: <unknown>:0:0: (x86_64-unknown-linux-gnu) Stack transformation: unhandled register X23 across call to mor_edge
warning: <unknown>:0:0: (x86_64-unknown-linux-gnu) Stack transformation: unhandled register X25 across call to mor_edge
warning: <unknown>:0:0: (x86_64-unknown-linux-gnu) Stack transformation: unhandled register X22 across call to mor_edge
warning: <unknown>:0:0: (x86_64-unknown-linux-gnu) Stack transformation: unhandled register X24 across call to mor_edge
warning: <unknown>:0:0: (x86_64-unknown-linux-gnu) Stack transformation: unhandled register X23 across call to mor_edge
warning: <unknown>:0:0: (x86_64-unknown-linux-gnu) Stack transformation: unhandled register X25 across call to mor_edge
warning: <unknown>:0:0: (x86_64-unknown-linux-gnu) Stack transformation: unhandled register X22 across call to mor_edge
warning: <unknown>:0:0: (x86_64-unknown-linux-gnu) Stack transformation: unhandled register X24 across call to mor_edge
warning: <unknown>:0:0: (x86_64-unknown-linux-gnu) Stack transformation: unhandled register X23 across call to mor_edge
warning: <unknown>:0:0: (x86_64-unknown-linux-gnu) Stack transformation: unhandled register X25 across call to mor_edge
warning: <unknown>:0:0: (x86_64-unknown-linux-gnu) Stack transformation: unhandled register X22 across call to mor_edge
warning: <unknown>:0:0: (x86_64-unknown-linux-gnu) Stack transformation: unhandled register X24 across call to mor_edge
warning: <unknown>:0:0: (x86_64-unknown-linux-gnu) Stack transformation: unhandled register X22 across call to mor_edge
warning: <unknown>:0:0: (x86_64-unknown-linux-gnu) Stack transformation: unhandled register X24 across call to mor_edge
 [CALLSITE ALIGN] mason_cs_align.json
 [LLC WITH CALLSITE ALIGNMENT] mason_aarch64.o
warning: <unknown>:0:0: (x86_64-unknown-linux-gnu) Stack transformation: unhandled register X22 across call to mor_assign
warning: <unknown>:0:0: (x86_64-unknown-linux-gnu) Stack transformation: unhandled register X24 across call to mor_assign
warning: <unknown>:0:0: (x86_64-unknown-linux-gnu) Stack transformation: unhandled register X23 across call to mor_assign
warning: <unknown>:0:0: (x86_64-unknown-linux-gnu) Stack transformation: unhandled register X25 across call to mor_assign
warning: <unknown>:0:0: (x86_64-unknown-linux-gnu) Stack transformation: unhandled register X22 across call to mor_edge
warning: <unknown>:0:0: (x86_64-unknown-linux-gnu) Stack transformation: unhandled register X24 across call to mor_edge
warning: <unknown>:0:0: (x86_64-unknown-linux-gnu) Stack transformation: unhandled register X23 across call to mor_edge
warning: <unknown>:0:0: (x86_64-unknown-linux-gnu) Stack transformation: unhandled register X25 across call to mor_edge
warning: <unknown>:0:0: (x86_64-unknown-linux-gnu) Stack transformation: unhandled register X22 across call to mor_edge
warning: <unknown>:0:0: (x86_64-unknown-linux-gnu) Stack transformation: unhandled register X24 across call to mor_edge
warning: <unknown>:0:0: (x86_64-unknown-linux-gnu) Stack transformation: unhandled register X23 across call to mor_edge
warning: <unknown>:0:0: (x86_64-unknown-linux-gnu) Stack transformation: unhandled register X25 across call to mor_edge
warning: <unknown>:0:0: (x86_64-unknown-linux-gnu) Stack transformation: unhandled register X22 across call to mor_edge
warning: <unknown>:0:0: (x86_64-unknown-linux-gnu) Stack transformation: unhandled register X24 across call to mor_edge
warning: <unknown>:0:0: (x86_64-unknown-linux-gnu) Stack transformation: unhandled register X23 across call to mor_edge
warning: <unknown>:0:0: (x86_64-unknown-linux-gnu) Stack transformation: unhandled register X25 across call to mor_edge
warning: <unknown>:0:0: (x86_64-unknown-linux-gnu) Stack transformation: unhandled register X22 across call to mor_edge
warning: <unknown>:0:0: (x86_64-unknown-linux-gnu) Stack transformation: unhandled register X24 across call to mor_edge
warning: <unknown>:0:0: (x86_64-unknown-linux-gnu) Stack transformation: unhandled register X23 across call to mor_edge
warning: <unknown>:0:0: (x86_64-unknown-linux-gnu) Stack transformation: unhandled register X25 across call to mor_edge
warning: <unknown>:0:0: (x86_64-unknown-linux-gnu) Stack transformation: unhandled register X22 across call to mor_edge
warning: <unknown>:0:0: (x86_64-unknown-linux-gnu) Stack transformation: unhandled register X24 across call to mor_edge
warning: <unknown>:0:0: (x86_64-unknown-linux-gnu) Stack transformation: unhandled register X23 across call to mor_edge
warning: <unknown>:0:0: (x86_64-unknown-linux-gnu) Stack transformation: unhandled register X25 across call to mor_edge
warning: <unknown>:0:0: (x86_64-unknown-linux-gnu) Stack transformation: unhandled register X22 across call to mor_edge
warning: <unknown>:0:0: (x86_64-unknown-linux-gnu) Stack transformation: unhandled register X24 across call to mor_edge
warning: <unknown>:0:0: (x86_64-unknown-linux-gnu) Stack transformation: unhandled register X23 across call to mor_edge
warning: <unknown>:0:0: (x86_64-unknown-linux-gnu) Stack transformation: unhandled register X25 across call to mor_edge
warning: <unknown>:0:0: (x86_64-unknown-linux-gnu) Stack transformation: unhandled register X22 across call to mor_edge
warning: <unknown>:0:0: (x86_64-unknown-linux-gnu) Stack transformation: unhandled register X24 across call to mor_edge
warning: <unknown>:0:0: (x86_64-unknown-linux-gnu) Stack transformation: unhandled register X22 across call to mor_edge
warning: <unknown>:0:0: (x86_64-unknown-linux-gnu) Stack transformation: unhandled register X24 across call to mor_edge
 [LD] ua_aarch64_unaligned.out
rm wtime_cs_align.json convect_cs_align.json c_timers_cs_align.json diffuse_cs_align.json wtime_opt.ll c_print_results_cs_align.json print_results_opt.ll setup_opt.ll randdp_cs_align.json c_print_results_opt.ll adapt_opt.ll precond_opt.ll setup_cs_align.json mason_opt.ll move_cs_align.json convect_opt.ll c_timers_opt.ll verify_cs_align.json randdp_opt.ll adapt_cs_align.json utils_opt.ll precond_cs_align.json utils_cs_align.json diffuse_opt.ll transfer_cs_align.json move_opt.ll mason_cs_align.json transfer_opt.ll print_results_cs_align.json verify_opt.ll
make: Leaving directory '/home/nikos/phd/unified_abi/layout/npb/ua'
