

 NAS Parallel Benchmarks (NPB3.3-SER-C) - CG Benchmark

 Size:       14000
 Iterations:    15

 Initialization time =           0.488 seconds

   iteration           ||r||                 zeta
        1       2.60650812147630E-13    19.9997581277039
        2       2.57531877367168E-15    17.1140495745505
        3       2.59348789075184E-15    17.1296668946143
        4       2.56262926848261E-15    17.1302113581192
        5       2.51106135247004E-15    17.1302338856352
        6       2.55819375820883E-15    17.1302349879481
        7       2.54564770410681E-15    17.1302350498915
        8       2.44940683285382E-15    17.1302350537509
        9       2.48852359037288E-15    17.1302350540100
       10       2.47715076108563E-15    17.1302350540284
       11       2.49284410170028E-15    17.1302350540297
       12       2.44437060612293E-15    17.1302350540298
       13       2.47093619226118E-15    17.1302350540299
       14       2.43816304501122E-15    17.1302350540299
       15       2.42966732234484E-15    17.1302350540298
 Benchmark completed
 VERIFICATION SUCCESSFUL
 Zeta is     1.7130235054029E+01
 Error is    5.1226400332278E-14


 CG Benchmark Completed.
 Class           =                        A
 Size            =                    14000
 Iterations      =                       15
 Time in seconds =                     1.03
 Mop/s total     =                  1447.85
 Operation type  =           floating point
 Verification    =               SUCCESSFUL
 Version         =                    3.3.1
 Compile date    =              03 Nov 2017

 Compile options:
    CC           = gcc
    CLINK        = $(CC)
    C_LIB        = -lm
    C_INC        = -I../common
    CFLAGS       = -g -Wall -O3 -mcmodel=medium
    CLINKFLAGS   = -O3 -mcmodel=medium
    RAND         = randdp

--------------------------------------
 Please send all errors/feedbacks to:
 Center for Manycore Programming
 cmp@aces.snu.ac.kr
 http://aces.snu.ac.kr
--------------------------------------

1.52
