make: Entering directory '/home/nikos/phd/unified_abi/layout/npb/ft'
{"CFLAGS": "-O0 -Wall -Xclang -disable-O0-optnone -mno-red-zone -fno-omit-frame-pointer -mno-omit-leaf-frame-pointer -mllvm -align-bytes-to-four",
"OPT_FLAGS": "-name-string-literals -static-var-sections -live-values -insert-stackmaps",
"LLC_FLAGS": "-enable-misched=false -function-sections -data-sections -relocation-model=pic --trap-unreachable -optimize-regalloc -fast-isel=false -disable-machine-cse",
"LLC_FLAGS_ARM64": "",
"LLC_FLAGS_X86": ""}
 [IR] appft.ll
 [IR] auxfnct.ll
 [IR] fft3d.ll
 [IR] mainft.ll
 [IR] verify.ll
 [IR] c_timers.ll
 [IR] print_results.ll
 [IR] randdp.ll
 [IR] c_print_results.ll
 [IR] wtime.ll
 [OPT] appft_opt.ll
 [OPT] c_print_results_opt.ll
 [OPT] randdp_opt.ll
 [OPT] mainft_opt.ll
 [OPT] c_timers_opt.ll
 [OPT] wtime_opt.ll
 [OPT] print_results_opt.ll
 [OPT] auxfnct_opt.ll
 [LLC] appft_x86_64_init.o
 [LLC] appft_aarch64_init.o
 [LLC] c_print_results_x86_64_init.o
 [LLC] c_print_results_aarch64_init.o
 [LLC] wtime_x86_64_init.o
 [LLC] wtime_aarch64_init.o
 [LLC] mainft_x86_64_init.o
 [LLC] mainft_aarch64_init.o
 [OPT] verify_opt.ll
 [LLC] c_timers_x86_64_init.o
 [LLC] c_timers_aarch64_init.o
 [LLC] print_results_x86_64_init.o
 [LLC] print_results_aarch64_init.o
 [LLC] randdp_x86_64_init.o
 [LLC] randdp_aarch64_init.o
 [CALLSITE ALIGN] c_print_results_cs_align.json
 [CALLSITE ALIGN] wtime_cs_align.json
 [CALLSITE ALIGN] appft_cs_align.json
 [LLC] auxfnct_x86_64_init.o
 [LLC] auxfnct_aarch64_init.o
 [OPT] fft3d_opt.ll
 [CALLSITE ALIGN] mainft_cs_align.json
 [LLC] verify_x86_64_init.o
 [LLC] verify_aarch64_init.o
 [CALLSITE ALIGN] c_timers_cs_align.json
warning: auxfnct.c:58:36: (x86_64-unknown-linux-gnu) Stack transformation: unhandled register R14 across call to cos
warning: auxfnct.c:58:36: (x86_64-unknown-linux-gnu) Stack transformation: unhandled register X19 across call to cos
 [CALLSITE ALIGN] print_results_cs_align.json
 [CALLSITE ALIGN] randdp_cs_align.json
 [LLC WITH CALLSITE ALIGNMENT] c_print_results_aarch64.o
warning: auxfnct.c:166:13: (x86_64-unknown-linux-gnu) Stack transformation: unhandled register X24 across call to vranlc
 [LLC WITH CALLSITE ALIGNMENT] wtime_aarch64.o
 [LLC WITH CALLSITE ALIGNMENT] appft_aarch64.o
 [LLC] fft3d_x86_64_init.o
 [LLC] fft3d_aarch64_init.o
 [LLC WITH CALLSITE ALIGNMENT] mainft_aarch64.o
 [LLC WITH CALLSITE ALIGNMENT] wtime_x86_64.o
 [CALLSITE ALIGN] auxfnct_cs_align.json
 [LLC WITH CALLSITE ALIGNMENT] c_timers_aarch64.o
 [LLC WITH CALLSITE ALIGNMENT] c_print_results_x86_64.o
 [CALLSITE ALIGN] verify_cs_align.json
 [LLC WITH CALLSITE ALIGNMENT] print_results_aarch64.o
warning: fft3d.c:172:13: (x86_64-unknown-linux-gnu) Stack transformation: unhandled register X26 across call to Swarztrauber
warning: fft3d.c:196:13: (x86_64-unknown-linux-gnu) Stack transformation: unhandled register X28 across call to Swarztrauber
warning: fft3d.c:220:13: (x86_64-unknown-linux-gnu) Stack transformation: unhandled register X26 across call to Swarztrauber
 [LLC WITH CALLSITE ALIGNMENT] randdp_aarch64.o
 [CHECK CALLSITE ALIGNMENT] wtime_x86_64.o wtime_aarch64.o
 [LLC WITH CALLSITE ALIGNMENT] mainft_x86_64.o
 [LLC WITH CALLSITE ALIGNMENT] c_timers_x86_64.o
 [CHECK CALLSITE ALIGNMENT] c_print_results_x86_64.o c_print_results_aarch64.o
 [LLC WITH CALLSITE ALIGNMENT] appft_x86_64.o
 [LLC WITH CALLSITE ALIGNMENT] print_results_x86_64.o
 [LLC WITH CALLSITE ALIGNMENT] randdp_x86_64.o
 [LLC WITH CALLSITE ALIGNMENT] auxfnct_aarch64.o
 [CHECK CALLSITE ALIGNMENT] mainft_x86_64.o mainft_aarch64.o
 [CHECK CALLSITE ALIGNMENT] c_timers_x86_64.o c_timers_aarch64.o
 [CALLSITE ALIGN] fft3d_cs_align.json
warning: auxfnct.c:58:36: (x86_64-unknown-linux-gnu) Stack transformation: unhandled register X19 across call to cos
 [LLC WITH CALLSITE ALIGNMENT] verify_aarch64.o
warning: auxfnct.c:166:13: (x86_64-unknown-linux-gnu) Stack transformation: unhandled register X24 across call to vranlc
 [CHECK CALLSITE ALIGNMENT] appft_x86_64.o appft_aarch64.o
 [CHECK CALLSITE ALIGNMENT] print_results_x86_64.o print_results_aarch64.o
 [CHECK CALLSITE ALIGNMENT] randdp_x86_64.o randdp_aarch64.o
 [LLC WITH CALLSITE ALIGNMENT] auxfnct_x86_64.o
warning: auxfnct.c:58:36: (x86_64-unknown-linux-gnu) Stack transformation: unhandled register R14 across call to cos
 [LLC WITH CALLSITE ALIGNMENT] fft3d_aarch64.o
 [CHECK CALLSITE ALIGNMENT] auxfnct_x86_64.o auxfnct_aarch64.o
 [LLC WITH CALLSITE ALIGNMENT] verify_x86_64.o
warning: fft3d.c:172:13: (x86_64-unknown-linux-gnu) Stack transformation: unhandled register X26 across call to Swarztrauber
warning: fft3d.c:196:13: (x86_64-unknown-linux-gnu) Stack transformation: unhandled register X28 across call to Swarztrauber
warning: fft3d.c:220:13: (x86_64-unknown-linux-gnu) Stack transformation: unhandled register X26 across call to Swarztrauber
 [LLC WITH CALLSITE ALIGNMENT] fft3d_x86_64.o
 [CHECK CALLSITE ALIGNMENT] verify_x86_64.o verify_aarch64.o
 [CHECK CALLSITE ALIGNMENT] fft3d_x86_64.o fft3d_aarch64.o
 [LD] ft_x86_64_unaligned.out
rm wtime_cs_align.json appft_opt.ll c_timers_cs_align.json wtime_opt.ll mainft_cs_align.json c_print_results_cs_align.json print_results_opt.ll randdp_cs_align.json c_print_results_opt.ll fft3d_opt.ll auxfnct_opt.ll mainft_opt.ll c_timers_opt.ll verify_cs_align.json randdp_opt.ll auxfnct_cs_align.json appft_cs_align.json fft3d_cs_align.json print_results_cs_align.json verify_opt.ll
make: Leaving directory '/home/nikos/phd/unified_abi/layout/npb/ft'
