make: Entering directory '/home/nikos/phd/unified_abi/layout/npb/cg'
{
"LLVM VERSION": "clang version 9.0.1 (git@github.com:blackgeorge-boom/llvm-project.git e41f75f0bb8fa676e101d76a68e42b2d392e2647) Target: x86_64-unknown-linux-gnu Thread model: posix InstalledDir: /home/nikos/llvm-9/toolchain/bin"
"LLVM BIN DIR": "/home/nikos/llvm-9/toolchain/bin"
"LLVM LIB DIR": "/home/nikos/llvm-9/toolchain/lib"
"LLVM UNIFICO FLAGS": "-DUNIFICO_GPR_CALLING_CONV -DUNIFICO_FPR_CALLING_CONV -DUNIFICO_REGALLOC_RULES -DUNIFICO_REMAT_RULES -DUNIFICO_REG_COST -DUNIFICO_AARCH64_TWOADDR "
"CFLAGS": "-O1 -Wall -Xclang -disable-O0-optnone -mno-red-zone -fno-omit-frame-pointer -mno-omit-leaf-frame-pointer -mllvm -align-bytes-to-four",
"OPT_FLAGS": "-name-string-literals -static-var-sections -live-values",
"LLC_FLAGS": "-disable-block-align --mc-relax-all -aarch64-csr-alignment=8 -align-bytes-to-four -reg-scavenging-slot -align-objects-to-four -enable-misched=false -function-sections -data-sections -relocation-model=pic --trap-unreachable -optimize-regalloc -fast-isel=false -disable-machine-cse",
"LLC_FLAGS_ARM64": "-mattr=+disable-fp-imm-materialize,+avoid-wide-mul-add,+copy-zr-temp,-disable-hoist-in-lowering,-avoid-f128",
"LLC_FLAGS_X86": ""
}
 [IR] cg.ll
 [IR] c_timers.ll
 [IR] print_results.ll
 [IR] randdp.ll
 [IR] c_print_results.ll
 [IR] wtime.ll
 [OPT] wtime_opt.ll
 [OPT] c_timers_opt.ll
 [OPT] c_print_results_opt.ll
 [OPT] randdp_opt.ll
 [OPT] print_results_opt.ll
 [LLC] wtime_x86_64_init.o
 [LLC] wtime_aarch64_init.o
 [LLC] c_timers_x86_64_init.o
 [LLC] c_timers_aarch64_init.o
 [LLC] c_print_results_x86_64_init.o
 [LLC] c_print_results_aarch64_init.o
 [LLC] randdp_x86_64_init.o
 [LLC] randdp_aarch64_init.o
 [LLC] print_results_x86_64_init.o
 [LLC] print_results_aarch64_init.o
 [CALLSITE ALIGN] wtime_cs_align.json
 [CALLSITE ALIGN] c_timers_cs_align.json
 [CALLSITE ALIGN] c_print_results_cs_align.json
 [CALLSITE ALIGN] randdp_cs_align.json
 [CALLSITE ALIGN] print_results_cs_align.json
 [LLC WITH CALLSITE ALIGNMENT] wtime_aarch64.o
 [LLC WITH CALLSITE ALIGNMENT] c_timers_aarch64.o
 [LLC WITH CALLSITE ALIGNMENT] c_print_results_aarch64.o
 [LLC WITH CALLSITE ALIGNMENT] randdp_aarch64.o
 [LLC WITH CALLSITE ALIGNMENT] wtime_x86_64.o
 [LLC WITH CALLSITE ALIGNMENT] print_results_aarch64.o
 [LLC WITH CALLSITE ALIGNMENT] c_timers_x86_64.o
 [LLC WITH CALLSITE ALIGNMENT] c_print_results_x86_64.o
 [CHECK CALLSITE ALIGNMENT] wtime_x86_64.o wtime_aarch64.o
 [LLC WITH CALLSITE ALIGNMENT] randdp_x86_64.o
 [CHECK CALLSITE ALIGNMENT] c_timers_x86_64.o c_timers_aarch64.o
 [LLC WITH CALLSITE ALIGNMENT] print_results_x86_64.o
 [OPT] cg_opt.ll
 [CHECK CALLSITE ALIGNMENT] c_print_results_x86_64.o c_print_results_aarch64.o
 [CHECK CALLSITE ALIGNMENT] randdp_x86_64.o randdp_aarch64.o
 [CHECK CALLSITE ALIGNMENT] print_results_x86_64.o print_results_aarch64.o
 [LLC] cg_x86_64_init.o
 [LLC] cg_aarch64_init.o
 [CALLSITE ALIGN] cg_cs_align.json
 [LLC WITH CALLSITE ALIGNMENT] cg_aarch64.o
 [LD] cg_aarch64_unaligned.out
 [LLC WITH CALLSITE ALIGNMENT] cg_x86_64.o
 [CHECK CALLSITE ALIGNMENT] cg_x86_64.o cg_aarch64.o
 [LD] cg_x86_64_unaligned.out
 [ALIGN] build_x86-64/O1/aligned_linker_script_x86.x
 [ALIGN] build_aarch64/O1/aligned_linker_script_arm.x
 [LD] cg_aarch64_aligned.out
rm wtime_cs_align.json c_timers_cs_align.json wtime_opt.ll c_print_results_cs_align.json print_results_opt.ll randdp_cs_align.json c_print_results_opt.ll c_timers_opt.ll randdp_opt.ll print_results_cs_align.json
make: Leaving directory '/home/nikos/phd/unified_abi/layout/npb/cg'
