make: Entering directory '/home/nikos/phd/unified_abi/layout/npb/bt'
{"CFLAGS": "-O0 -Wall -Xclang -disable-O0-optnone -mno-red-zone -fno-omit-frame-pointer -mno-omit-leaf-frame-pointer -mllvm -align-bytes-to-four",
"OPT_FLAGS": "-name-string-literals -static-var-sections -live-values -insert-stackmaps",
"LLC_FLAGS": "-function-sections -data-sections -relocation-model=pic --trap-unreachable -optimize-regalloc -fast-isel=false -disable-machine-cse",
"LLC_FLAGS_ARM64": "",
"LLC_FLAGS_X86": ""}
 [IR] bt.ll
 [IR] c_timers.ll
 [IR] c_print_results.ll
 [IR] wtime.ll
 [IR] add.ll
 [IR] adi.ll
 [IR] error.ll
 [IR] exact_rhs.ll
 [IR] exact_solution.ll
 [IR] initialize.ll
 [IR] rhs.ll
 [IR] set_constants.ll
 [IR] solve_subs.ll
 [IR] verify.ll
 [IR] x_solve.ll
 [IR] y_solve.ll
 [IR] z_solve.ll
 [IR] print_results.ll
 [OPT] bt_opt.ll
 [OPT] c_timers_opt.ll
 [OPT] c_print_results_opt.ll
 [OPT] wtime_opt.ll
 [OPT] add_opt.ll
 [OPT] adi_opt.ll
 [OPT] error_opt.ll
 [OPT] exact_rhs_opt.ll
 [OPT] exact_solution_opt.ll
 [OPT] initialize_opt.ll
 [OPT] rhs_opt.ll
 [OPT] set_constants_opt.ll
 [OPT] y_solve_opt.ll
 [OPT] z_solve_opt.ll
 [LLC] bt_x86_64_init.o
 [LLC] bt_aarch64_init.o
 [LLC] c_timers_x86_64_init.o
 [LLC] c_timers_aarch64_init.o
 [LLC] c_print_results_x86_64_init.o
 [LLC] c_print_results_aarch64_init.o
 [LLC] wtime_x86_64_init.o
 [LLC] wtime_aarch64_init.o
 [LLC] add_x86_64_init.o
 [LLC] add_aarch64_init.o
warning: <unknown>:0:0: (x86_64-unknown-linux-gnu) Stack transformation: unhandled register X20 across call to adi
warning: <unknown>:0:0: (x86_64-unknown-linux-gnu) Stack transformation: unhandled register X19 across call to printf
warning: <unknown>:0:0: (x86_64-unknown-linux-gnu) Stack transformation: unhandled stack slot 17 across call to printf
warning: <unknown>:0:0: (x86_64-unknown-linux-gnu) Stack transformation: unhandled register X19 across call to printf
 [LLC] adi_x86_64_init.o
 [LLC] adi_aarch64_init.o
 [LLC] error_x86_64_init.o
 [LLC] error_aarch64_init.o
 [LLC] exact_rhs_x86_64_init.o
 [LLC] exact_rhs_aarch64_init.o
 [LLC] exact_solution_x86_64_init.o
 [LLC] exact_solution_aarch64_init.o
 [LLC] initialize_x86_64_init.o
 [LLC] initialize_aarch64_init.o
 [LLC] rhs_x86_64_init.o
 [LLC] rhs_aarch64_init.o
 [LLC] set_constants_x86_64_init.o
 [LLC] set_constants_aarch64_init.o
 [OPT] solve_subs_opt.ll
 [OPT] verify_opt.ll
 [OPT] x_solve_opt.ll
 [LLC] y_solve_x86_64_init.o
 [LLC] y_solve_aarch64_init.o
 [LLC] z_solve_x86_64_init.o
warning: <unknown>:0:0: (x86_64-unknown-linux-gnu) Stack transformation: unhandled register RBX across call to exact_solution
warning: <unknown>:0:0: (x86_64-unknown-linux-gnu) Stack transformation: unhandled register R15 across call to exact_solution
warning: <unknown>:0:0: (x86_64-unknown-linux-gnu) Stack transformation: unhandled register RBX across call to exact_solution
 [LLC] z_solve_aarch64_init.o
 [OPT] print_results_opt.ll
 [CALLSITE ALIGN] bt_cs_align.json
 [CALLSITE ALIGN] c_timers_cs_align.json
 [CALLSITE ALIGN] c_print_results_cs_align.json
warning: <unknown>:0:0: (x86_64-unknown-linux-gnu) Stack transformation: unhandled register X20 across call to exact_solution
warning: <unknown>:0:0: (x86_64-unknown-linux-gnu) Stack transformation: unhandled register X19 across call to exact_solution
warning: <unknown>:0:0: (x86_64-unknown-linux-gnu) Stack transformation: unhandled register X19 across call to exact_solution
 [CALLSITE ALIGN] wtime_cs_align.json
 [CALLSITE ALIGN] add_cs_align.json
 [CALLSITE ALIGN] adi_cs_align.json
 [CALLSITE ALIGN] error_cs_align.json
 [CALLSITE ALIGN] exact_rhs_cs_align.json
 [CALLSITE ALIGN] exact_solution_cs_align.json
 [CALLSITE ALIGN] initialize_cs_align.json
 [CALLSITE ALIGN] rhs_cs_align.json
 [CALLSITE ALIGN] set_constants_cs_align.json
 [LLC] solve_subs_x86_64_init.o
 [LLC] solve_subs_aarch64_init.o
 [LLC] verify_x86_64_init.o
 [LLC] verify_aarch64_init.o
 [LLC] x_solve_x86_64_init.o
 [LLC] x_solve_aarch64_init.o
 [CALLSITE ALIGN] y_solve_cs_align.json
 [CALLSITE ALIGN] z_solve_cs_align.json
 [LLC] print_results_x86_64_init.o
warning: <unknown>:0:0: (x86_64-unknown-linux-gnu) Stack transformation: unhandled register X20 across call to printf
warning: <unknown>:0:0: (x86_64-unknown-linux-gnu) Stack transformation: unhandled register X20 across call to printf
warning: <unknown>:0:0: (x86_64-unknown-linux-gnu) Stack transformation: unhandled register X20 across call to printf
warning: <unknown>:0:0: (x86_64-unknown-linux-gnu) Stack transformation: unhandled register X20 across call to printf
warning: <unknown>:0:0: (x86_64-unknown-linux-gnu) Stack transformation: unhandled register X20 across call to printf
warning: <unknown>:0:0: (x86_64-unknown-linux-gnu) Stack transformation: unhandled register X20 across call to printf
warning: <unknown>:0:0: (x86_64-unknown-linux-gnu) Stack transformation: unhandled register X20 across call to printf
warning: <unknown>:0:0: (x86_64-unknown-linux-gnu) Stack transformation: unhandled register X20 across call to printf
 [LLC] print_results_aarch64_init.o
 [LLC WITH CALLSITE ALIGNMENT] bt_aarch64.o
 [LLC WITH CALLSITE ALIGNMENT] c_timers_aarch64.o
 [LLC WITH CALLSITE ALIGNMENT] c_print_results_aarch64.o
 [LLC WITH CALLSITE ALIGNMENT] wtime_aarch64.o
 [LLC WITH CALLSITE ALIGNMENT] add_aarch64.o
warning: <unknown>:0:0: (x86_64-unknown-linux-gnu) Stack transformation: unhandled register X20 across call to adi
warning: <unknown>:0:0: (x86_64-unknown-linux-gnu) Stack transformation: unhandled register X19 across call to printf
 [LLC WITH CALLSITE ALIGNMENT] adi_aarch64.o
warning: <unknown>:0:0: (x86_64-unknown-linux-gnu) Stack transformation: unhandled stack slot 17 across call to printf
warning: <unknown>:0:0: (x86_64-unknown-linux-gnu) Stack transformation: unhandled register X19 across call to printf
 [LLC WITH CALLSITE ALIGNMENT] error_aarch64.o
 [LLC WITH CALLSITE ALIGNMENT] exact_rhs_aarch64.o
 [LLC WITH CALLSITE ALIGNMENT] exact_solution_aarch64.o
 [LLC WITH CALLSITE ALIGNMENT] initialize_aarch64.o
 [LLC WITH CALLSITE ALIGNMENT] rhs_aarch64.o
 [LLC WITH CALLSITE ALIGNMENT] set_constants_aarch64.o
 [CALLSITE ALIGN] verify_cs_align.json
 [LLC WITH CALLSITE ALIGNMENT] y_solve_aarch64.o
 [LLC WITH CALLSITE ALIGNMENT] z_solve_aarch64.o
 [CALLSITE ALIGN] print_results_cs_align.json
 [CALLSITE ALIGN] x_solve_cs_align.json
 [LLC WITH CALLSITE ALIGNMENT] verify_aarch64.o
 [LLC WITH CALLSITE ALIGNMENT] print_results_aarch64.o
warning: <unknown>:0:0: (x86_64-unknown-linux-gnu) Stack transformation: unhandled register X20 across call to exact_solution
warning: <unknown>:0:0: (x86_64-unknown-linux-gnu) Stack transformation: unhandled register X19 across call to exact_solution
warning: <unknown>:0:0: (x86_64-unknown-linux-gnu) Stack transformation: unhandled register X19 across call to exact_solution
warning: <unknown>:0:0: (x86_64-unknown-linux-gnu) Stack transformation: unhandled register X20 across call to printf
warning: <unknown>:0:0: (x86_64-unknown-linux-gnu) Stack transformation: unhandled register X20 across call to printf
warning: <unknown>:0:0: (x86_64-unknown-linux-gnu) Stack transformation: unhandled register X20 across call to printf
warning: <unknown>:0:0: (x86_64-unknown-linux-gnu) Stack transformation: unhandled register X20 across call to printf
warning: <unknown>:0:0: (x86_64-unknown-linux-gnu) Stack transformation: unhandled register X20 across call to printf
warning: <unknown>:0:0: (x86_64-unknown-linux-gnu) Stack transformation: unhandled register X20 across call to printf
warning: <unknown>:0:0: (x86_64-unknown-linux-gnu) Stack transformation: unhandled register X20 across call to printf
warning: <unknown>:0:0: (x86_64-unknown-linux-gnu) Stack transformation: unhandled register X20 across call to printf
 [LLC WITH CALLSITE ALIGNMENT] x_solve_aarch64.o
 [CALLSITE ALIGN] solve_subs_cs_align.json
 [LLC WITH CALLSITE ALIGNMENT] solve_subs_aarch64.o
 [LD] bt_aarch64_unaligned.out
rm wtime_cs_align.json y_solve_opt.ll rhs_opt.ll exact_solution_opt.ll error_opt.ll set_constants_opt.ll x_solve_opt.ll c_timers_cs_align.json wtime_opt.ll c_print_results_cs_align.json print_results_opt.ll exact_rhs_cs_align.json c_print_results_opt.ll rhs_cs_align.json add_cs_align.json x_solve_cs_align.json c_timers_opt.ll adi_opt.ll exact_solution_cs_align.json verify_cs_align.json z_solve_cs_align.json initialize_cs_align.json add_opt.ll error_cs_align.json exact_rhs_opt.ll initialize_opt.ll adi_cs_align.json solve_subs_opt.ll solve_subs_cs_align.json set_constants_cs_align.json z_solve_opt.ll print_results_cs_align.json y_solve_cs_align.json verify_opt.ll
make: Leaving directory '/home/nikos/phd/unified_abi/layout/npb/bt'
