make: Entering directory '/home/nikos/phd/unified_abi/layout/npb/ft'
{"CFLAGS": "-O0 -Wall -Xclang -disable-O0-optnone -mno-red-zone -fno-omit-frame-pointer -mno-omit-leaf-frame-pointer -mllvm -align-bytes-to-four",
"OPT_FLAGS": "-name-string-literals -static-var-sections -live-values -insert-stackmaps",
"LLC_FLAGS": "-function-sections -data-sections -relocation-model=pic --trap-unreachable -optimize-regalloc -fast-isel=false -disable-machine-cse",
"LLC_FLAGS_ARM64": "",
"LLC_FLAGS_X86": ""}
 [IR] appft.ll
 [IR] auxfnct.ll
 [IR] fft3d.ll
 [IR] mainft.ll
 [IR] verify.ll
 [IR] c_timers.ll
 [IR] print_results.ll
 [IR] randdp.ll
 [IR] c_print_results.ll
 [IR] wtime.ll
 [OPT] c_print_results_opt.ll
 [OPT] print_results_opt.ll
 [OPT] wtime_opt.ll
 [OPT] mainft_opt.ll
 [OPT] c_timers_opt.ll
 [OPT] randdp_opt.ll
 [OPT] auxfnct_opt.ll
 [OPT] appft_opt.ll
 [LLC] c_print_results_x86_64_init.o
 [LLC] c_print_results_aarch64_init.o
 [OPT] fft3d_opt.ll
 [OPT] verify_opt.ll
 [LLC] print_results_x86_64_init.o
 [LLC] print_results_aarch64_init.o
 [LLC] wtime_x86_64_init.o
 [LLC] wtime_aarch64_init.o
 [LLC] mainft_x86_64_init.o
 [LLC] mainft_aarch64_init.o
 [LLC] c_timers_x86_64_init.o
 [LLC] c_timers_aarch64_init.o
 [LLC] randdp_x86_64_init.o
 [LLC] randdp_aarch64_init.o
 [CALLSITE ALIGN] c_print_results_cs_align.json
 [LLC] appft_x86_64_init.o
 [LLC] appft_aarch64_init.o
 [LLC] auxfnct_x86_64_init.o
 [LLC] auxfnct_aarch64_init.o
warning: mainft.c:83:39: (x86_64-unknown-linux-gnu) Stack transformation: unhandled stack slot 10 across call to log
 [LLC] fft3d_x86_64_init.o
 [LLC] fft3d_aarch64_init.o
 [LLC] verify_x86_64_init.o
 [LLC] verify_aarch64_init.o
warning: auxfnct.c:58:36: (x86_64-unknown-linux-gnu) Stack transformation: unhandled register R15 across call to cos
warning: auxfnct.c:58:36: (x86_64-unknown-linux-gnu) Stack transformation: unhandled register R15 across call to sin
 [CALLSITE ALIGN] c_timers_cs_align.json
warning: auxfnct.c:166:13: (x86_64-unknown-linux-gnu) Stack transformation: unhandled register R15 across call to vranlc
warning: auxfnct.c:58:36: (x86_64-unknown-linux-gnu) Stack transformation: unhandled stack slot 14 across call to cos
warning: appft.c:113:13: (x86_64-unknown-linux-gnu) Stack transformation: unhandled register X20 across call to timer_start
warning: appft.c:114:9: (x86_64-unknown-linux-gnu) Stack transformation: unhandled register X20 across call to evolve
warning: appft.c:116:13: (x86_64-unknown-linux-gnu) Stack transformation: unhandled register X20 across call to timer_stop
warning: appft.c:118:13: (x86_64-unknown-linux-gnu) Stack transformation: unhandled register X20 across call to timer_start
warning: appft.c:119:9: (x86_64-unknown-linux-gnu) Stack transformation: unhandled register X20 across call to fftXYZ
warning: appft.c:121:13: (x86_64-unknown-linux-gnu) Stack transformation: unhandled register X20 across call to timer_stop
warning: appft.c:126:13: (x86_64-unknown-linux-gnu) Stack transformation: unhandled register X20 across call to timer_stop
 [CALLSITE ALIGN] print_results_cs_align.json
 [CALLSITE ALIGN] randdp_cs_align.json
 [LLC WITH CALLSITE ALIGNMENT] c_print_results_aarch64.o
warning: auxfnct.c:166:13: (x86_64-unknown-linux-gnu) Stack transformation: unhandled register X19 across call to vranlc
 [CALLSITE ALIGN] wtime_cs_align.json
warning: fft3d.c:172:13: (x86_64-unknown-linux-gnu) Stack transformation: unhandled stack slot 20 across call to Swarztrauber
warning: fft3d.c:196:13: (x86_64-unknown-linux-gnu) Stack transformation: unhandled stack slot 21 across call to Swarztrauber
warning: fft3d.c:220:13: (x86_64-unknown-linux-gnu) Stack transformation: unhandled stack slot 19 across call to Swarztrauber
warning: fft3d.c:172:13: (x86_64-unknown-linux-gnu) Stack transformation: unhandled stack slot 19 across call to Swarztrauber
warning: fft3d.c:196:13: (x86_64-unknown-linux-gnu) Stack transformation: unhandled stack slot 20 across call to Swarztrauber
warning: fft3d.c:220:13: (x86_64-unknown-linux-gnu) Stack transformation: unhandled stack slot 18 across call to Swarztrauber
 [CALLSITE ALIGN] appft_cs_align.json
 [CALLSITE ALIGN] auxfnct_cs_align.json
 [CALLSITE ALIGN] mainft_cs_align.json
 [LLC WITH CALLSITE ALIGNMENT] c_timers_aarch64.o
 [LLC WITH CALLSITE ALIGNMENT] print_results_aarch64.o
 [CALLSITE ALIGN] fft3d_cs_align.json
 [LLC WITH CALLSITE ALIGNMENT] wtime_aarch64.o
 [LLC WITH CALLSITE ALIGNMENT] randdp_aarch64.o
 [CALLSITE ALIGN] verify_cs_align.json
 [LLC WITH CALLSITE ALIGNMENT] appft_aarch64.o
 [LLC WITH CALLSITE ALIGNMENT] auxfnct_aarch64.o
 [LLC WITH CALLSITE ALIGNMENT] mainft_aarch64.o
 [LLC WITH CALLSITE ALIGNMENT] fft3d_aarch64.o
warning: auxfnct.c:58:36: (x86_64-unknown-linux-gnu) Stack transformation: unhandled stack slot 14 across call to cos
warning: appft.c:113:13: (x86_64-unknown-linux-gnu) Stack transformation: unhandled register X20 across call to timer_start
warning: appft.c:114:9: (x86_64-unknown-linux-gnu) Stack transformation: unhandled register X20 across call to evolve
warning: appft.c:116:13: (x86_64-unknown-linux-gnu) Stack transformation: unhandled register X20 across call to timer_stop
warning: appft.c:118:13: (x86_64-unknown-linux-gnu) Stack transformation: unhandled register X20 across call to timer_start
warning: appft.c:119:9: (x86_64-unknown-linux-gnu) Stack transformation: unhandled register X20 across call to fftXYZ
warning: appft.c:121:13: (x86_64-unknown-linux-gnu) Stack transformation: unhandled register X20 across call to timer_stop
warning: appft.c:126:13: (x86_64-unknown-linux-gnu) Stack transformation: unhandled register X20 across call to timer_stop
warning: mainft.c:83:39: (x86_64-unknown-linux-gnu) Stack transformation: unhandled stack slot 10 across call to log
warning: auxfnct.c:166:13: (x86_64-unknown-linux-gnu) Stack transformation: unhandled register X19 across call to vranlc
 [LLC WITH CALLSITE ALIGNMENT] verify_aarch64.o
warning: fft3d.c:172:13: (x86_64-unknown-linux-gnu) Stack transformation: unhandled stack slot 19 across call to Swarztrauber
warning: fft3d.c:196:13: (x86_64-unknown-linux-gnu) Stack transformation: unhandled stack slot 20 across call to Swarztrauber
warning: fft3d.c:220:13: (x86_64-unknown-linux-gnu) Stack transformation: unhandled stack slot 18 across call to Swarztrauber
 [LD] ft_aarch64_unaligned.out
rm wtime_cs_align.json appft_opt.ll c_timers_cs_align.json wtime_opt.ll mainft_cs_align.json c_print_results_cs_align.json print_results_opt.ll randdp_cs_align.json c_print_results_opt.ll fft3d_opt.ll auxfnct_opt.ll mainft_opt.ll c_timers_opt.ll verify_cs_align.json randdp_opt.ll auxfnct_cs_align.json appft_cs_align.json fft3d_cs_align.json print_results_cs_align.json verify_opt.ll
make: Leaving directory '/home/nikos/phd/unified_abi/layout/npb/ft'
