make: Entering directory '/home/nikos/phd/unified_abi/layout/npb/ua'
{
"LLVM VERSION": "clang version 9.0.1 (git@github.com:blackgeorge-boom/llvm-project.git 156b157398df1e00dc248d7ba5f53f97c3b78c7c) Target: x86_64-unknown-linux-gnu Thread model: posix InstalledDir: /home/nikos/llvm-9/toolchain/bin"
"LLVM BIN DIR": "/home/nikos/llvm-9/toolchain/bin"
"LLVM LIB DIR": "/home/nikos/llvm-9/toolchain/lib"
"LLVM UNIFICO FLAGS": "-DUNIFICO_GPR_CALLING_CONV -DUNIFICO_FPR_CALLING_CONV -DUNIFICO_REGALLOC_RULES -DUNIFICO_REMAT_RULES -DUNIFICO_REG_COST -DUNIFICO_AARCH64_TWOADDR "
"CFLAGS": "-O1 -Wall -Xclang -disable-O0-optnone -mno-red-zone -fno-omit-frame-pointer -mno-omit-leaf-frame-pointer -mllvm -align-bytes-to-four",
"OPT_FLAGS": "-name-string-literals -static-var-sections -live-values",
"LLC_FLAGS": "-disable-block-align --mc-relax-all -aarch64-csr-alignment=8 -align-bytes-to-four -reg-scavenging-slot -align-objects-to-four -enable-misched=false -pack-indexes -function-sections -data-sections -relocation-model=pic --trap-unreachable -optimize-regalloc -fast-isel=false -disable-machine-cse",
"LLC_FLAGS_ARM64": "-mattr=+disable-fp-imm-materialize,+avoid-wide-mul,+copy-zr-temp,-disable-hoist-in-lowering,-avoid-f128,+advance-ra-split-cost",
"LLC_FLAGS_X86": ""
}
 [IR] ua.ll
 [IR] adapt.ll
 [IR] diffuse.ll
 [IR] move.ll
 [IR] setup.ll
 [IR] c_timers.ll
 [IR] print_results.ll
 [IR] randdp.ll
 [IR] c_print_results.ll
 [IR] wtime.ll
 [IR] verify.ll
 [IR] convect.ll
 [IR] mason.ll
 [IR] precond.ll
 [IR] transfer.ll
 [IR] utils.ll
 [OPT] ua_opt.ll
 [OPT] move_opt.ll
 [OPT] c_timers_opt.ll
precond.c:757:9: warning: implicitly declaring library function 'printf' with type 'int (const char *, ...)' [-Wimplicit-function-declaration]
        printf("Unreachable\n"); /* TODO temporary handling for Unifico */
        ^
precond.c:757:9: note: include the header <stdio.h> or explicitly provide a declaration for 'printf'
 [OPT] print_results_opt.ll
 [OPT] randdp_opt.ll
 [OPT] c_print_results_opt.ll
 [OPT] wtime_opt.ll
 [OPT] verify_opt.ll
 [OPT] utils_opt.ll
 [LLC] ua_aarch64_init.o
 [OPT] diffuse_opt.ll
'+advance-ra-split-cost' is not a recognized feature for this target (ignoring feature)
'+advance-ra-split-cost' is not a recognized feature for this target (ignoring feature)
'+advance-ra-split-cost' is not a recognized feature for this target (ignoring feature)
 [LLC] move_aarch64_init.o
 [LLC] c_timers_aarch64_init.o
 [LLC] print_results_aarch64_init.o
'+advance-ra-split-cost' is not a recognized feature for this target (ignoring feature)
'+advance-ra-split-cost' is not a recognized feature for this target (ignoring feature)
'+advance-ra-split-cost' is not a recognized feature for this target (ignoring feature)
'+advance-ra-split-cost' is not a recognized feature for this target (ignoring feature)
'+advance-ra-split-cost' is not a recognized feature for this target (ignoring feature)
'+advance-ra-split-cost' is not a recognized feature for this target (ignoring feature)
'+advance-ra-split-cost' is not a recognized feature for this target (ignoring feature)
 [LLC] randdp_aarch64_init.o
'+advance-ra-split-cost' is not a recognized feature for this target (ignoring feature)
'+advance-ra-split-cost' is not a recognized feature for this target (ignoring feature)
 [LLC] c_print_results_aarch64_init.o
1 warning generated.
 [LLC] wtime_aarch64_init.o
 [LLC] verify_aarch64_init.o
'+advance-ra-split-cost' is not a recognized feature for this target (ignoring feature)
'+advance-ra-split-cost' is not a recognized feature for this target (ignoring feature)
'+advance-ra-split-cost' is not a recognized feature for this target (ignoring feature)
'+advance-ra-split-cost' is not a recognized feature for this target (ignoring feature)
 [OPT] convect_opt.ll
'+advance-ra-split-cost' is not a recognized feature for this target (ignoring feature)
'+advance-ra-split-cost' is not a recognized feature for this target (ignoring feature)
 [LLC] utils_aarch64_init.o
 [LLC] diffuse_aarch64_init.o
 [OPT] setup_opt.ll
'+advance-ra-split-cost' is not a recognized feature for this target (ignoring feature)
'+advance-ra-split-cost' is not a recognized feature for this target (ignoring feature)
 [OPT] precond_opt.ll
'+advance-ra-split-cost' is not a recognized feature for this target (ignoring feature)
'+advance-ra-split-cost' is not a recognized feature for this target (ignoring feature)
'+advance-ra-split-cost' is not a recognized feature for this target (ignoring feature)
'+advance-ra-split-cost' is not a recognized feature for this target (ignoring feature)
 [OPT] adapt_opt.ll
'+advance-ra-split-cost' is not a recognized feature for this target (ignoring feature)
'+advance-ra-split-cost' is not a recognized feature for this target (ignoring feature)
'+advance-ra-split-cost' is not a recognized feature for this target (ignoring feature)
'+advance-ra-split-cost' is not a recognized feature for this target (ignoring feature)
'+advance-ra-split-cost' is not a recognized feature for this target (ignoring feature)
'+advance-ra-split-cost' is not a recognized feature for this target (ignoring feature)
 [LLC] convect_aarch64_init.o
'+advance-ra-split-cost' is not a recognized feature for this target (ignoring feature)
'+advance-ra-split-cost' is not a recognized feature for this target (ignoring feature)
'+advance-ra-split-cost' is not a recognized feature for this target (ignoring feature)
 [LLC] precond_aarch64_init.o
 [LLC] setup_aarch64_init.o
 [LLC] adapt_aarch64_init.o
'+advance-ra-split-cost' is not a recognized feature for this target (ignoring feature)
'+advance-ra-split-cost' is not a recognized feature for this target (ignoring feature)
'+advance-ra-split-cost' is not a recognized feature for this target (ignoring feature)
'+advance-ra-split-cost' is not a recognized feature for this target (ignoring feature)
'+advance-ra-split-cost' is not a recognized feature for this target (ignoring feature)
'+advance-ra-split-cost' is not a recognized feature for this target (ignoring feature)
'+advance-ra-split-cost' is not a recognized feature for this target (ignoring feature)
'+advance-ra-split-cost' is not a recognized feature for this target (ignoring feature)
'+advance-ra-split-cost' is not a recognized feature for this target (ignoring feature)
 [OPT] transfer_opt.ll
 [LLC] transfer_aarch64_init.o
'+advance-ra-split-cost' is not a recognized feature for this target (ignoring feature)
'+advance-ra-split-cost' is not a recognized feature for this target (ignoring feature)
'+advance-ra-split-cost' is not a recognized feature for this target (ignoring feature)
 [OPT] mason_opt.ll
 [LLC] mason_aarch64_init.o
'+advance-ra-split-cost' is not a recognized feature for this target (ignoring feature)
'+advance-ra-split-cost' is not a recognized feature for this target (ignoring feature)
'+advance-ra-split-cost' is not a recognized feature for this target (ignoring feature)
 [LD] ua_aarch64_init.out
rm wtime_opt.ll print_results_opt.ll setup_opt.ll c_print_results_opt.ll adapt_opt.ll precond_opt.ll mason_opt.ll convect_opt.ll c_timers_opt.ll randdp_opt.ll utils_opt.ll diffuse_opt.ll move_opt.ll transfer_opt.ll verify_opt.ll
make: Leaving directory '/home/nikos/phd/unified_abi/layout/npb/ua'
